2026-02-27 17:19:25 +08:00: [32m[Nest] 21044  - [39m2026/02/27 17:19:25 [32m    LOG[39m [38;5;3m[NestFactory] [39m[32mStarting Nest application...[39m
2026-02-27 17:19:25 +08:00: [32m[Nest] 21044  - [39m2026/02/27 17:19:25 [32m    LOG[39m [38;5;3m[InstanceLoader] [39m[32mTypeOrmModule dependencies initialized[39m[38;5;3m +95ms[39m
2026-02-27 17:19:25 +08:00: [32m[Nest] 21044  - [39m2026/02/27 17:19:25 [32m    LOG[39m [38;5;3m[InstanceLoader] [39m[32mConfigHostModule dependencies initialized[39m[38;5;3m +2ms[39m
2026-02-27 17:19:25 +08:00: [32m[Nest] 21044  - [39m2026/02/27 17:19:25 [32m    LOG[39m [38;5;3m[InstanceLoader] [39m[32mDiscoveryModule dependencies initialized[39m[38;5;3m +1ms[39m
2026-02-27 17:19:25 +08:00: [32m[Nest] 21044  - [39m2026/02/27 17:19:25 [32m    LOG[39m [38;5;3m[InstanceLoader] [39m[32mConfigModule dependencies initialized[39m[38;5;3m +1ms[39m
2026-02-27 17:19:25 +08:00: [32m[Nest] 21044  - [39m2026/02/27 17:19:25 [32m    LOG[39m [38;5;3m[InstanceLoader] [39m[32mConfigModule dependencies initialized[39m[38;5;3m +0ms[39m
2026-02-27 17:19:25 +08:00: [32m[Nest] 21044  - [39m2026/02/27 17:19:25 [32m    LOG[39m [38;5;3m[InstanceLoader] [39m[32mScheduleModule dependencies initialized[39m[38;5;3m +2ms[39m
2026-02-27 17:19:25 +08:00: [32m[Nest] 21044  - [39m2026/02/27 17:19:25 [32m    LOG[39m [38;5;3m[StirlingPdfService] [39m[32mStirling-PDF Service initialized: http://127.0.0.1:8080[39m
2026-02-27 17:19:26 +08:00: [32m[Nest] 21044  - [39m2026/02/27 17:19:26 [32m    LOG[39m [38;5;3m[InstanceLoader] [39m[32mStirlingPdfModule dependencies initialized[39m[38;5;3m +870ms[39m
2026-02-27 17:19:28 +08:00: [32m[Nest] 21044  - [39m2026/02/27 17:19:28 [32m    LOG[39m [38;5;3m[InstanceLoader] [39m[32mTypeOrmCoreModule dependencies initialized[39m[38;5;3m +2223ms[39m
2026-02-27 17:19:28 +08:00: [32m[Nest] 21044  - [39m2026/02/27 17:19:28 [32m    LOG[39m [38;5;3m[InstanceLoader] [39m[32mTypeOrmModule dependencies initialized[39m[38;5;3m +1ms[39m
2026-02-27 17:19:28 +08:00: [32m[Nest] 21044  - [39m2026/02/27 17:19:28 [32m    LOG[39m [38;5;3m[InstanceLoader] [39m[32mTypeOrmModule dependencies initialized[39m[38;5;3m +0ms[39m
2026-02-27 17:19:28 +08:00: [32m[Nest] 21044  - [39m2026/02/27 17:19:28 [32m    LOG[39m [38;5;3m[InstanceLoader] [39m[32mTypeOrmModule dependencies initialized[39m[38;5;3m +0ms[39m
2026-02-27 17:19:28 +08:00: [32m[Nest] 21044  - [39m2026/02/27 17:19:28 [32m    LOG[39m [38;5;3m[InstanceLoader] [39m[32mAppModule dependencies initialized[39m[38;5;3m +3ms[39m
2026-02-27 17:19:28 +08:00: [32m[Nest] 21044  - [39m2026/02/27 17:19:28 [32m    LOG[39m [38;5;3m[InstanceLoader] [39m[32mRateLimitModule dependencies initialized[39m[38;5;3m +0ms[39m
2026-02-27 17:19:28 +08:00: [32m[Nest] 21044  - [39m2026/02/27 17:19:28 [32m    LOG[39m [38;5;3m[InstanceLoader] [39m[32mUploadModule dependencies initialized[39m[38;5;3m +2ms[39m
2026-02-27 17:19:28 +08:00: [32m[Nest] 21044  - [39m2026/02/27 17:19:28 [32m    LOG[39m [38;5;3m[InstanceLoader] [39m[32mTaskModule dependencies initialized[39m[38;5;3m +0ms[39m
2026-02-27 17:19:28 +08:00: [32m[Nest] 21044  - [39m2026/02/27 17:19:28 [32m    LOG[39m [38;5;3m[InstanceLoader] [39m[32mConversionModule dependencies initialized[39m[38;5;3m +1ms[39m
2026-02-27 17:19:28 +08:00: [32m[Nest] 21044  - [39m2026/02/27 17:19:28 [32m    LOG[39m [38;5;3m[RoutesResolver] [39m[32mConversionController {/api/convert}:[39m[38;5;3m +123ms[39m
2026-02-27 17:19:28 +08:00: [32m[Nest] 21044  - [39m2026/02/27 17:19:28 [32m    LOG[39m [38;5;3m[RouterExplorer] [39m[32mMapped {/api/convert, POST} route[39m[38;5;3m +7ms[39m
2026-02-27 17:19:28 +08:00: [32m[Nest] 21044  - [39m2026/02/27 17:19:28 [32m    LOG[39m [38;5;3m[RouterExplorer] [39m[32mMapped {/api/convert/tools, GET} route[39m[38;5;3m +3ms[39m
2026-02-27 17:19:28 +08:00: [32m[Nest] 21044  - [39m2026/02/27 17:19:28 [32m    LOG[39m [38;5;3m[RoutesResolver] [39m[32mTaskController {/api/task}:[39m[38;5;3m +1ms[39m
2026-02-27 17:19:28 +08:00: [32m[Nest] 21044  - [39m2026/02/27 17:19:28 [32m    LOG[39m [38;5;3m[RouterExplorer] [39m[32mMapped {/api/task/:id, GET} route[39m[38;5;3m +2ms[39m
2026-02-27 17:19:28 +08:00: [32m[Nest] 21044  - [39m2026/02/27 17:19:28 [32m    LOG[39m [38;5;3m[RoutesResolver] [39m[32mUploadController {/api/download}:[39m[38;5;3m +0ms[39m
2026-02-27 17:19:28 +08:00: [32m[Nest] 21044  - [39m2026/02/27 17:19:28 [32m    LOG[39m [38;5;3m[RouterExplorer] [39m[32mMapped {/api/download/:id, GET} route[39m[38;5;3m +1ms[39m
2026-02-27 17:19:28 +08:00: [32m[Nest] 21044  - [39m2026/02/27 17:19:28 [32m    LOG[39m [38;5;3m[NestApplication] [39m[32mNest application successfully started[39m[38;5;3m +38ms[39m
2026-02-27 17:19:29 +08:00: Application is running on: http://localhost:3333/api
2026-02-27 17:20:05 +08:00: [32m[Nest] 21508  - [39m2026/02/27 17:20:05 [32m    LOG[39m [38;5;3m[NestFactory] [39m[32mStarting Nest application...[39m
2026-02-27 17:20:05 +08:00: [32m[Nest] 21508  - [39m2026/02/27 17:20:05 [32m    LOG[39m [38;5;3m[InstanceLoader] [39m[32mTypeOrmModule dependencies initialized[39m[38;5;3m +66ms[39m
2026-02-27 17:20:05 +08:00: [32m[Nest] 21508  - [39m2026/02/27 17:20:05 [32m    LOG[39m [38;5;3m[InstanceLoader] [39m[32mConfigHostModule dependencies initialized[39m[38;5;3m +1ms[39m
2026-02-27 17:20:05 +08:00: [32m[Nest] 21508  - [39m2026/02/27 17:20:05 [32m    LOG[39m [38;5;3m[InstanceLoader] [39m[32mDiscoveryModule dependencies initialized[39m[38;5;3m +0ms[39m
2026-02-27 17:20:05 +08:00: [32m[Nest] 21508  - [39m2026/02/27 17:20:05 [32m    LOG[39m [38;5;3m[InstanceLoader] [39m[32mConfigModule dependencies initialized[39m[38;5;3m +1ms[39m
2026-02-27 17:20:05 +08:00: [32m[Nest] 21508  - [39m2026/02/27 17:20:05 [32m    LOG[39m [38;5;3m[InstanceLoader] [39m[32mConfigModule dependencies initialized[39m[38;5;3m +0ms[39m
2026-02-27 17:20:05 +08:00: [32m[Nest] 21508  - [39m2026/02/27 17:20:05 [32m    LOG[39m [38;5;3m[InstanceLoader] [39m[32mScheduleModule dependencies initialized[39m[38;5;3m +1ms[39m
2026-02-27 17:20:05 +08:00: [32m[Nest] 21508  - [39m2026/02/27 17:20:05 [32m    LOG[39m [38;5;3m[StirlingPdfService] [39m[32mStirling-PDF Service initialized: http://127.0.0.1:8080[39m
2026-02-27 17:20:06 +08:00: [32m[Nest] 21508  - [39m2026/02/27 17:20:06 [32m    LOG[39m [38;5;3m[InstanceLoader] [39m[32mStirlingPdfModule dependencies initialized[39m[38;5;3m +454ms[39m
2026-02-27 17:20:07 +08:00: [32m[Nest] 21508  - [39m2026/02/27 17:20:07 [32m    LOG[39m [38;5;3m[InstanceLoader] [39m[32mTypeOrmCoreModule dependencies initialized[39m[38;5;3m +1152ms[39m
2026-02-27 17:20:07 +08:00: [32m[Nest] 21508  - [39m2026/02/27 17:20:07 [32m    LOG[39m [38;5;3m[InstanceLoader] [39m[32mTypeOrmModule dependencies initialized[39m[38;5;3m +1ms[39m
2026-02-27 17:20:07 +08:00: [32m[Nest] 21508  - [39m2026/02/27 17:20:07 [32m    LOG[39m [38;5;3m[InstanceLoader] [39m[32mTypeOrmModule dependencies initialized[39m[38;5;3m +1ms[39m
2026-02-27 17:20:07 +08:00: [32m[Nest] 21508  - [39m2026/02/27 17:20:07 [32m    LOG[39m [38;5;3m[InstanceLoader] [39m[32mTypeOrmModule dependencies initialized[39m[38;5;3m +0ms[39m
2026-02-27 17:20:07 +08:00: [32m[Nest] 21508  - [39m2026/02/27 17:20:07 [32m    LOG[39m [38;5;3m[InstanceLoader] [39m[32mAppModule dependencies initialized[39m[38;5;3m +3ms[39m
2026-02-27 17:20:07 +08:00: [32m[Nest] 21508  - [39m2026/02/27 17:20:07 [32m    LOG[39m [38;5;3m[InstanceLoader] [39m[32mRateLimitModule dependencies initialized[39m[38;5;3m +1ms[39m
2026-02-27 17:20:07 +08:00: [32m[Nest] 21508  - [39m2026/02/27 17:20:07 [32m    LOG[39m [38;5;3m[InstanceLoader] [39m[32mUploadModule dependencies initialized[39m[38;5;3m +1ms[39m
2026-02-27 17:20:07 +08:00: [32m[Nest] 21508  - [39m2026/02/27 17:20:07 [32m    LOG[39m [38;5;3m[InstanceLoader] [39m[32mTaskModule dependencies initialized[39m[38;5;3m +0ms[39m
2026-02-27 17:20:07 +08:00: [32m[Nest] 21508  - [39m2026/02/27 17:20:07 [32m    LOG[39m [38;5;3m[InstanceLoader] [39m[32mConversionModule dependencies initialized[39m[38;5;3m +1ms[39m
2026-02-27 17:20:07 +08:00: [32m[Nest] 21508  - [39m2026/02/27 17:20:07 [32m    LOG[39m [38;5;3m[RoutesResolver] [39m[32mConversionController {/api/convert}:[39m[38;5;3m +182ms[39m
2026-02-27 17:20:07 +08:00: [32m[Nest] 21508  - [39m2026/02/27 17:20:07 [32m    LOG[39m [38;5;3m[RouterExplorer] [39m[32mMapped {/api/convert, POST} route[39m[38;5;3m +10ms[39m
2026-02-27 17:20:07 +08:00: [32m[Nest] 21508  - [39m2026/02/27 17:20:07 [32m    LOG[39m [38;5;3m[RouterExplorer] [39m[32mMapped {/api/convert/tools, GET} route[39m[38;5;3m +2ms[39m
2026-02-27 17:20:07 +08:00: [32m[Nest] 21508  - [39m2026/02/27 17:20:07 [32m    LOG[39m [38;5;3m[RoutesResolver] [39m[32mTaskController {/api/task}:[39m[38;5;3m +0ms[39m
2026-02-27 17:20:07 +08:00: [32m[Nest] 21508  - [39m2026/02/27 17:20:07 [32m    LOG[39m [38;5;3m[RouterExplorer] [39m[32mMapped {/api/task/:id, GET} route[39m[38;5;3m +1ms[39m
2026-02-27 17:20:07 +08:00: [32m[Nest] 21508  - [39m2026/02/27 17:20:07 [32m    LOG[39m [38;5;3m[RoutesResolver] [39m[32mUploadController {/api/download}:[39m[38;5;3m +1ms[39m
2026-02-27 17:20:07 +08:00: [32m[Nest] 21508  - [39m2026/02/27 17:20:07 [32m    LOG[39m [38;5;3m[RouterExplorer] [39m[32mMapped {/api/download/:id, GET} route[39m[38;5;3m +1ms[39m
2026-02-27 17:20:07 +08:00: [32m[Nest] 21508  - [39m2026/02/27 17:20:07 [32m    LOG[39m [38;5;3m[NestApplication] [39m[32mNest application successfully started[39m[38;5;3m +70ms[39m
2026-02-27 17:20:08 +08:00: Application is running on: http://localhost:3333/api
2026-02-27 17:20:34 +08:00: {
  fieldname: 'file',
  originalname: 'é\x99\x88è®©ç®\x80å\x8E\x86.pdf',
  encoding: '7bit',
  mimetype: 'application/pdf',
  buffer: <Buffer 25 50 44 46 2d 31 2e 37 0a 25 81 81 81 81 0a 0a 39 20 30 20 6f 62 6a 0a 3c 3c 0a 2f 54 79 70 65 20 2f 58 4f 62 6a 65 63 74 0a 2f 53 75 62 74 79 70 65 ... 104630 more bytes>,
  size: 104680
} file
2026-02-27 17:20:34 +08:00: [32m[Nest] 21508  - [39m2026/02/27 17:20:34 [32m    LOG[39m [38;5;3m[StirlingPdfService] [39m[32mConverting PDF to Word: 陈让简历.pdf[39m
2026-02-27 17:20:34 +08:00: [95m[Nest] 21508  - [39m2026/02/27 17:20:34 [95m  DEBUG[39m [38;5;3m[StirlingPdfService] [39m[95mAdded file field: fileInput, filename: 陈让简历.pdf, size: 104680 bytes, type: application/pdf[39m
2026-02-27 17:20:34 +08:00: [95m[Nest] 21508  - [39m2026/02/27 17:20:34 [95m  DEBUG[39m [38;5;3m[StirlingPdfService] [39m[95mAdded text field: outputFormat = doc[39m
2026-02-27 17:20:34 +08:00: FormData {
  _overheadLength: 271,
  _valueLength: 104683,
  _valuesToMeasure: [],
  writable: false,
  readable: true,
  dataSize: 0,
  maxDataSize: 2097152,
  pauseStreams: true,
  _released: false,
  _streams: [
    '----------------------------e70a4ba93296e898fda995e9\r\n' +
      'Content-Disposition: form-data; name="fileInput"; filename="____.pdf"\r\n' +
      'Content-Type: application/pdf\r\n' +
      '\r\n',
    <Buffer 25 50 44 46 2d 31 2e 37 0a 25 81 81 81 81 0a 0a 39 20 30 20 6f 62 6a 0a 3c 3c 0a 2f 54 79 70 65 20 2f 58 4f 62 6a 65 63 74 0a 2f 53 75 62 74 79 70 65 ... 104630 more bytes>,
    [Function: bound ],
    '----------------------------e70a4ba93296e898fda995e9\r\n' +
      'Content-Disposition: form-data; name="outputFormat"\r\n' +
      '\r\n',
    'doc',
    [Function: bound ]
  ],
  _currentStream: null,
  _insideLoop: false,
  _pendingNext: false,
  _boundary: '--------------------------e70a4ba93296e898fda995e9'
} form
2026-02-27 17:20:34 +08:00: [32m[Nest] 21508  - [39m2026/02/27 17:20:34 [32m    LOG[39m [38;5;3m[StirlingPdfService] [39m[32mSending request to: http://127.0.0.1:8080/api/v1/convert/pdf/word[39m
2026-02-27 17:21:07 +08:00: [95m[Nest] 21508  - [39m2026/02/27 17:21:07 [95m  DEBUG[39m [38;5;3m[StirlingPdfService] [39m[95mResponse status: 200[39m
2026-02-27 17:21:07 +08:00: [32m[Nest] 21508  - [39m2026/02/27 17:21:07 [32m    LOG[39m [38;5;3m[StirlingPdfService] [39m[32mRequest successful, response size: 145408 bytes[39m
